..\Dll\CognitiveRadio.pdb
C:\USERS\NIRJHAR\DESKTOP\CHANNEL NOTCHING 8.3.10\SIMULATION\COGNITIVERADIO\DEBUG\802_22.OBJ
C:\USERS\NIRJHAR\DESKTOP\CHANNEL NOTCHING 8.3.10\SIMULATION\COGNITIVERADIO\DEBUG\CHANNELNOTCHING.OBJ
C:\Users\Nirjhar\Desktop\Channel Notching 8.3.10\Simulation\CognitiveRadio\Debug\cl.command.1.tlog
C:\Users\Nirjhar\Desktop\Channel Notching 8.3.10\Simulation\CognitiveRadio\Debug\CL.read.1.tlog
C:\Users\Nirjhar\Desktop\Channel Notching 8.3.10\Simulation\CognitiveRadio\Debug\CL.write.1.tlog
C:\USERS\NIRJHAR\DESKTOP\CHANNEL NOTCHING 8.3.10\SIMULATION\COGNITIVERADIO\DEBUG\COGNITIVERADIO.DLL.EMBED.MANIFEST
C:\USERS\NIRJHAR\DESKTOP\CHANNEL NOTCHING 8.3.10\SIMULATION\COGNITIVERADIO\DEBUG\COGNITIVERADIO.DLL.EMBED.MANIFEST.RES
C:\USERS\NIRJHAR\DESKTOP\CHANNEL NOTCHING 8.3.10\SIMULATION\COGNITIVERADIO\DEBUG\COGNITIVERADIO.DLL.INTERMEDIATE.MANIFEST
C:\Users\Nirjhar\Desktop\Channel Notching 8.3.10\Simulation\CognitiveRadio\Debug\CognitiveRadio.vcxprojResolveAssemblyReference.cache
C:\Users\Nirjhar\Desktop\Channel Notching 8.3.10\Simulation\CognitiveRadio\Debug\CognitiveRadio.write.1.tlog
C:\Users\Nirjhar\Desktop\Channel Notching 8.3.10\Simulation\CognitiveRadio\Debug\CognitiveRadio_manifest.rc
C:\USERS\NIRJHAR\DESKTOP\CHANNEL NOTCHING 8.3.10\SIMULATION\COGNITIVERADIO\DEBUG\DCD.OBJ
C:\USERS\NIRJHAR\DESKTOP\CHANNEL NOTCHING 8.3.10\SIMULATION\COGNITIVERADIO\DEBUG\DSFRAME.OBJ
C:\USERS\NIRJHAR\DESKTOP\CHANNEL NOTCHING 8.3.10\SIMULATION\COGNITIVERADIO\DEBUG\DSMAP.OBJ
C:\USERS\NIRJHAR\DESKTOP\CHANNEL NOTCHING 8.3.10\SIMULATION\COGNITIVERADIO\DEBUG\DSX.OBJ
C:\USERS\NIRJHAR\DESKTOP\CHANNEL NOTCHING 8.3.10\SIMULATION\COGNITIVERADIO\DEBUG\FCH.OBJ
C:\USERS\NIRJHAR\DESKTOP\CHANNEL NOTCHING 8.3.10\SIMULATION\COGNITIVERADIO\DEBUG\FRAGMENTATION.OBJ
C:\USERS\NIRJHAR\DESKTOP\CHANNEL NOTCHING 8.3.10\SIMULATION\COGNITIVERADIO\DEBUG\INCUMBENT.OBJ
C:\Users\Nirjhar\Desktop\Channel Notching 8.3.10\Simulation\CognitiveRadio\Debug\link.2724.read.1.tlog
C:\Users\Nirjhar\Desktop\Channel Notching 8.3.10\Simulation\CognitiveRadio\Debug\link.2724.write.1.tlog
C:\Users\Nirjhar\Desktop\Channel Notching 8.3.10\Simulation\CognitiveRadio\Debug\link.2724-cvtres.read.1.tlog
C:\Users\Nirjhar\Desktop\Channel Notching 8.3.10\Simulation\CognitiveRadio\Debug\link.2724-cvtres.write.1.tlog
C:\Users\Nirjhar\Desktop\Channel Notching 8.3.10\Simulation\CognitiveRadio\Debug\link.4948.read.1.tlog
C:\Users\Nirjhar\Desktop\Channel Notching 8.3.10\Simulation\CognitiveRadio\Debug\link.4948.write.1.tlog
C:\Users\Nirjhar\Desktop\Channel Notching 8.3.10\Simulation\CognitiveRadio\Debug\link.4948-cvtres.read.1.tlog
C:\Users\Nirjhar\Desktop\Channel Notching 8.3.10\Simulation\CognitiveRadio\Debug\link.4948-cvtres.write.1.tlog
C:\Users\Nirjhar\Desktop\Channel Notching 8.3.10\Simulation\CognitiveRadio\Debug\link.command.1.tlog
C:\Users\Nirjhar\Desktop\Channel Notching 8.3.10\Simulation\CognitiveRadio\Debug\link.read.1.tlog
C:\Users\Nirjhar\Desktop\Channel Notching 8.3.10\Simulation\CognitiveRadio\Debug\link.write.1.tlog
C:\Users\Nirjhar\Desktop\Channel Notching 8.3.10\Simulation\CognitiveRadio\Debug\mt.command.1.tlog
C:\Users\Nirjhar\Desktop\Channel Notching 8.3.10\Simulation\CognitiveRadio\Debug\mt.read.1.tlog
C:\Users\Nirjhar\Desktop\Channel Notching 8.3.10\Simulation\CognitiveRadio\Debug\mt.write.1.tlog
C:\USERS\NIRJHAR\DESKTOP\CHANNEL NOTCHING 8.3.10\SIMULATION\COGNITIVERADIO\DEBUG\OFDMA.OBJ
C:\USERS\NIRJHAR\DESKTOP\CHANNEL NOTCHING 8.3.10\SIMULATION\COGNITIVERADIO\DEBUG\PACKETFORWARD.OBJ
C:\Users\Nirjhar\Desktop\Channel Notching 8.3.10\Simulation\CognitiveRadio\Debug\rc.command.1.tlog
C:\Users\Nirjhar\Desktop\Channel Notching 8.3.10\Simulation\CognitiveRadio\Debug\rc.read.1.tlog
C:\Users\Nirjhar\Desktop\Channel Notching 8.3.10\Simulation\CognitiveRadio\Debug\rc.write.1.tlog
C:\USERS\NIRJHAR\DESKTOP\CHANNEL NOTCHING 8.3.10\SIMULATION\COGNITIVERADIO\DEBUG\SCH.OBJ
C:\USERS\NIRJHAR\DESKTOP\CHANNEL NOTCHING 8.3.10\SIMULATION\COGNITIVERADIO\DEBUG\SPECTRUMMANAGER.OBJ
C:\USERS\NIRJHAR\DESKTOP\CHANNEL NOTCHING 8.3.10\SIMULATION\COGNITIVERADIO\DEBUG\UCD.OBJ
C:\USERS\NIRJHAR\DESKTOP\CHANNEL NOTCHING 8.3.10\SIMULATION\COGNITIVERADIO\DEBUG\USFRAME.OBJ
C:\USERS\NIRJHAR\DESKTOP\CHANNEL NOTCHING 8.3.10\SIMULATION\COGNITIVERADIO\DEBUG\USMAP.OBJ
C:\Users\Nirjhar\Desktop\Channel Notching 8.3.10\Simulation\CognitiveRadio\Debug\vc100.idb
C:\USERS\NIRJHAR\DESKTOP\CHANNEL NOTCHING 8.3.10\SIMULATION\COGNITIVERADIO\DEBUG\VC100.PDB
C:\Users\Nirjhar\Desktop\Channel Notching 8.3.10\Simulation\Dll\CognitiveRadio.exp
C:\Users\Nirjhar\Desktop\Channel Notching 8.3.10\Simulation\Dll\CognitiveRadio.lib
C:\USERS\NIRJHAR\DESKTOP\CHANNEL NOTCHING 8.3.10\SIMULATION\DLL\COGNITIVERADIO.PDB
C:\USERS\NIRJHAR\DESKTOP\CHANNEL NOTCHING 8.3.10\SIMULATION\DLL\LIBCOGNITIVERADIO.DLL
C:\USERS\NIRJHAR\DESKTOP\CHANNEL NOTCHING 8.3.10\SIMULATION\DLL\LIBCOGNITIVERADIO.ILK
